<?xml version="1.0" encoding="UTF-8"?>
<testsuite hostname="STAG-PC" name="com.swachhata.citizenapp.RegistrationTest.com.SwachhataCitizenAPPTest" tests="2" failures="0" timestamp="18 Jan 2017 06:45:20 GMT" time="97.792" errors="0">
  <testcase name="citizenAPPLoginTest" time="49.93" classname="com.swachhata.citizenapp.RegistrationTest.com.SwachhataCitizenAPPTest"/>
  <testcase name="UpdateProfileTest" time="31.982" classname="com.swachhata.citizenapp.RegistrationTest.com.SwachhataCitizenAPPTest"/>
</testsuite>
