<?xml version="1.0" encoding="UTF-8"?>
<testng-results skipped="0" failed="0" total="2" passed="2">
  <reporter-output>
  </reporter-output>
  <suite name="Suite" duration-ms="64162" started-at="2017-01-19T17:53:39Z" finished-at="2017-01-19T17:54:43Z">
    <groups>
    </groups>
    <test name="Regression Suite" duration-ms="64162" started-at="2017-01-19T17:53:39Z" finished-at="2017-01-19T17:54:43Z">
      <class name="com.swachhata.citizenapp.E2ETest.com.SwachhataCitizenAPPTest">
        <test-method status="PASS" signature="setUp()" name="setUp" is-config="true" duration-ms="11117" started-at="2017-01-19T17:53:39Z" finished-at="2017-01-19T17:53:50Z">
        </test-method>
        <test-method status="PASS" signature="citizenAPPLoginTest()" name="citizenAPPLoginTest" duration-ms="40783" started-at="2017-01-19T17:53:50Z" finished-at="2017-01-19T17:54:31Z">
        </test-method>
        <test-method status="PASS" signature="LogoutTest()" name="LogoutTest" duration-ms="12221" started-at="2017-01-19T17:54:31Z" finished-at="2017-01-19T17:54:43Z">
        </test-method>
      </class>
    </test>
  </suite>
</testng-results>
